<?xml version='1.0' encoding='UTF-8'?>
<testsuite hostname="COE-CS-pc37.OU.AD3.UCDAVIS.EDU" name="dinocpu.BranchTesterLab3" tests="18" errors="0" failures="0" skipped="0" time="16.467" timestamp="2023-05-02T20:59:41">
                     <properties>
[...]
</properties>
                     <testcase classname="dinocpu.BranchTesterLab3" name="Pipelined CPU should run branch instruction beq-False" time="4.209">
                                                 
                                               </testcase><testcase classname="dinocpu.BranchTesterLab3" name="Pipelined CPU should run branch instruction beq-True" time="1.17">
                                                 
                                               </testcase><testcase classname="dinocpu.BranchTesterLab3" name="Pipelined CPU should run branch instruction bne-False" time="0.833">
                                                 
                                               </testcase><testcase classname="dinocpu.BranchTesterLab3" name="Pipelined CPU should run branch instruction bne-True" time="0.816">
                                                 
                                               </testcase><testcase classname="dinocpu.BranchTesterLab3" name="Pipelined CPU should run branch instruction blt-False" time="0.734">
                                                 
                                               </testcase><testcase classname="dinocpu.BranchTesterLab3" name="Pipelined CPU should run branch instruction blt-False-equal" time="0.68">
                                                 
                                               </testcase><testcase classname="dinocpu.BranchTesterLab3" name="Pipelined CPU should run branch instruction blt-True" time="0.676">
                                                 
                                               </testcase><testcase classname="dinocpu.BranchTesterLab3" name="Pipelined CPU should run branch instruction blt-False-signed" time="0.7">
                                                 
                                               </testcase><testcase classname="dinocpu.BranchTesterLab3" name="Pipelined CPU should run branch instruction blt-True-signed" time="0.625">
                                                 
                                               </testcase><testcase classname="dinocpu.BranchTesterLab3" name="Pipelined CPU should run branch instruction bge-False" time="0.69">
                                                 
                                               </testcase><testcase classname="dinocpu.BranchTesterLab3" name="Pipelined CPU should run branch instruction bge-True" time="0.692">
                                                 
                                               </testcase><testcase classname="dinocpu.BranchTesterLab3" name="Pipelined CPU should run branch instruction bge-False-signed" time="0.632">
                                                 
                                               </testcase><testcase classname="dinocpu.BranchTesterLab3" name="Pipelined CPU should run branch instruction bge-True-signed" time="0.651">
                                                 
                                               </testcase><testcase classname="dinocpu.BranchTesterLab3" name="Pipelined CPU should run branch instruction bge-True-equal" time="0.672">
                                                 
                                               </testcase><testcase classname="dinocpu.BranchTesterLab3" name="Pipelined CPU should run branch instruction bltu-False" time="0.688">
                                                 
                                               </testcase><testcase classname="dinocpu.BranchTesterLab3" name="Pipelined CPU should run branch instruction bltu-True" time="0.66">
                                                 
                                               </testcase><testcase classname="dinocpu.BranchTesterLab3" name="Pipelined CPU should run branch instruction bgeu-False" time="0.705">
                                                 
                                               </testcase><testcase classname="dinocpu.BranchTesterLab3" name="Pipelined CPU should run branch instruction bgeu-True" time="0.634">
                                                 
                                               </testcase>
                     <system-out><![CDATA[]]></system-out>
                     <system-err><![CDATA[]]></system-err>
                   </testsuite>