<?xml version='1.0' encoding='UTF-8'?>
<testsuite hostname="codespaces-a23758" name="dinocpu.RTypeTesterLab3" tests="100" errors="0" failures="0" skipped="0" time="59.229" timestamp="2024-06-01T00:56:45">
                     <properties>
[...]
</properties>
                     <testcase classname="dinocpu.RTypeTesterLab3" name="Pipelined CPU should run R-type instruction add1" time="2.471">
                                                 
                                               </testcase><testcase classname="dinocpu.RTypeTesterLab3" name="Pipelined CPU should run R-type instruction add2" time="1.241">
                                                 
                                               </testcase><testcase classname="dinocpu.RTypeTesterLab3" name="Pipelined CPU should run R-type instruction add0" time="1.178">
                                                 
                                               </testcase><testcase classname="dinocpu.RTypeTesterLab3" name="Pipelined CPU should run R-type instruction addw1" time="0.983">
                                                 
                                               </testcase><testcase classname="dinocpu.RTypeTesterLab3" name="Pipelined CPU should run R-type instruction addw2" time="0.786">
                                                 
                                               </testcase><testcase classname="dinocpu.RTypeTesterLab3" name="Pipelined CPU should run R-type instruction addw3" time="0.99">
                                                 
                                               </testcase><testcase classname="dinocpu.RTypeTesterLab3" name="Pipelined CPU should run R-type instruction or" time="0.927">
                                                 
                                               </testcase><testcase classname="dinocpu.RTypeTesterLab3" name="Pipelined CPU should run R-type instruction sub" time="0.651">
                                                 
                                               </testcase><testcase classname="dinocpu.RTypeTesterLab3" name="Pipelined CPU should run R-type instruction subw1" time="0.63">
                                                 
                                               </testcase><testcase classname="dinocpu.RTypeTesterLab3" name="Pipelined CPU should run R-type instruction subw2" time="0.576">
                                                 
                                               </testcase><testcase classname="dinocpu.RTypeTesterLab3" name="Pipelined CPU should run R-type instruction subw3" time="0.62">
                                                 
                                               </testcase><testcase classname="dinocpu.RTypeTesterLab3" name="Pipelined CPU should run R-type instruction and" time="0.577">
                                                 
                                               </testcase><testcase classname="dinocpu.RTypeTesterLab3" name="Pipelined CPU should run R-type instruction xor" time="0.603">
                                                 
                                               </testcase><testcase classname="dinocpu.RTypeTesterLab3" name="Pipelined CPU should run R-type instruction slt" time="0.549">
                                                 
                                               </testcase><testcase classname="dinocpu.RTypeTesterLab3" name="Pipelined CPU should run R-type instruction slt1" time="0.582">
                                                 
                                               </testcase><testcase classname="dinocpu.RTypeTesterLab3" name="Pipelined CPU should run R-type instruction sltu" time="0.594">
                                                 
                                               </testcase><testcase classname="dinocpu.RTypeTesterLab3" name="Pipelined CPU should run R-type instruction sltu1" time="0.551">
                                                 
                                               </testcase><testcase classname="dinocpu.RTypeTesterLab3" name="Pipelined CPU should run R-type instruction sll" time="0.542">
                                                 
                                               </testcase><testcase classname="dinocpu.RTypeTesterLab3" name="Pipelined CPU should run R-type instruction sll2" time="0.57">
                                                 
                                               </testcase><testcase classname="dinocpu.RTypeTesterLab3" name="Pipelined CPU should run R-type instruction sllw1" time="0.549">
                                                 
                                               </testcase><testcase classname="dinocpu.RTypeTesterLab3" name="Pipelined CPU should run R-type instruction sllw2" time="0.575">
                                                 
                                               </testcase><testcase classname="dinocpu.RTypeTesterLab3" name="Pipelined CPU should run R-type instruction sllw3" time="0.586">
                                                 
                                               </testcase><testcase classname="dinocpu.RTypeTesterLab3" name="Pipelined CPU should run R-type instruction sllw4" time="0.561">
                                                 
                                               </testcase><testcase classname="dinocpu.RTypeTesterLab3" name="Pipelined CPU should run R-type instruction srl" time="0.604">
                                                 
                                               </testcase><testcase classname="dinocpu.RTypeTesterLab3" name="Pipelined CPU should run R-type instruction srl2" time="0.578">
                                                 
                                               </testcase><testcase classname="dinocpu.RTypeTesterLab3" name="Pipelined CPU should run R-type instruction srlw1" time="0.552">
                                                 
                                               </testcase><testcase classname="dinocpu.RTypeTesterLab3" name="Pipelined CPU should run R-type instruction srlw2" time="0.534">
                                                 
                                               </testcase><testcase classname="dinocpu.RTypeTesterLab3" name="Pipelined CPU should run R-type instruction srlw3" time="0.536">
                                                 
                                               </testcase><testcase classname="dinocpu.RTypeTesterLab3" name="Pipelined CPU should run R-type instruction srlw4" time="0.59">
                                                 
                                               </testcase><testcase classname="dinocpu.RTypeTesterLab3" name="Pipelined CPU should run R-type instruction sra" time="0.566">
                                                 
                                               </testcase><testcase classname="dinocpu.RTypeTesterLab3" name="Pipelined CPU should run R-type instruction sra2" time="0.532">
                                                 
                                               </testcase><testcase classname="dinocpu.RTypeTesterLab3" name="Pipelined CPU should run R-type instruction sraw1" time="0.542">
                                                 
                                               </testcase><testcase classname="dinocpu.RTypeTesterLab3" name="Pipelined CPU should run R-type instruction sraw2" time="0.543">
                                                 
                                               </testcase><testcase classname="dinocpu.RTypeTesterLab3" name="Pipelined CPU should run R-type instruction sraw3" time="0.52">
                                                 
                                               </testcase><testcase classname="dinocpu.RTypeTesterLab3" name="Pipelined CPU should run R-type instruction mul-zero-positive" time="0.57">
                                                 
                                               </testcase><testcase classname="dinocpu.RTypeTesterLab3" name="Pipelined CPU should run R-type instruction mul-positive-positive" time="0.523">
                                                 
                                               </testcase><testcase classname="dinocpu.RTypeTesterLab3" name="Pipelined CPU should run R-type instruction mul-negative-positive" time="0.558">
                                                 
                                               </testcase><testcase classname="dinocpu.RTypeTesterLab3" name="Pipelined CPU should run R-type instruction mul-negative-negative" time="0.581">
                                                 
                                               </testcase><testcase classname="dinocpu.RTypeTesterLab3" name="Pipelined CPU should run R-type instruction mul-big-numbers-positive-positive" time="0.52">
                                                 
                                               </testcase><testcase classname="dinocpu.RTypeTesterLab3" name="Pipelined CPU should run R-type instruction mul-big-numbers-negative-positive" time="0.553">
                                                 
                                               </testcase><testcase classname="dinocpu.RTypeTesterLab3" name="Pipelined CPU should run R-type instruction mul-big-numbers-negative-negative" time="0.521">
                                                 
                                               </testcase><testcase classname="dinocpu.RTypeTesterLab3" name="Pipelined CPU should run R-type instruction mulh-zero-positive" time="0.516">
                                                 
                                               </testcase><testcase classname="dinocpu.RTypeTesterLab3" name="Pipelined CPU should run R-type instruction mulh-positive-positive" time="0.613">
                                                 
                                               </testcase><testcase classname="dinocpu.RTypeTesterLab3" name="Pipelined CPU should run R-type instruction mulh-negative-positive" time="0.568">
                                                 
                                               </testcase><testcase classname="dinocpu.RTypeTesterLab3" name="Pipelined CPU should run R-type instruction mulh-negative-negative" time="0.567">
                                                 
                                               </testcase><testcase classname="dinocpu.RTypeTesterLab3" name="Pipelined CPU should run R-type instruction mulh-big-numbers-positive-positive" time="0.509">
                                                 
                                               </testcase><testcase classname="dinocpu.RTypeTesterLab3" name="Pipelined CPU should run R-type instruction mulh-big-numbers-negative-positive" time="0.519">
                                                 
                                               </testcase><testcase classname="dinocpu.RTypeTesterLab3" name="Pipelined CPU should run R-type instruction mulh-big-numbers-negative-negative" time="0.575">
                                                 
                                               </testcase><testcase classname="dinocpu.RTypeTesterLab3" name="Pipelined CPU should run R-type instruction mulhu-zero" time="0.53">
                                                 
                                               </testcase><testcase classname="dinocpu.RTypeTesterLab3" name="Pipelined CPU should run R-type instruction mulhu-small-numbers" time="0.512">
                                                 
                                               </testcase><testcase classname="dinocpu.RTypeTesterLab3" name="Pipelined CPU should run R-type instruction mulhu-big-numbers-1" time="0.524">
                                                 
                                               </testcase><testcase classname="dinocpu.RTypeTesterLab3" name="Pipelined CPU should run R-type instruction mulhu-big-numbers-2" time="0.561">
                                                 
                                               </testcase><testcase classname="dinocpu.RTypeTesterLab3" name="Pipelined CPU should run R-type instruction mulhsu-zero-positive" time="0.535">
                                                 
                                               </testcase><testcase classname="dinocpu.RTypeTesterLab3" name="Pipelined CPU should run R-type instruction mulhsu-positive-positive" time="0.512">
                                                 
                                               </testcase><testcase classname="dinocpu.RTypeTesterLab3" name="Pipelined CPU should run R-type instruction mulhsu-negative-positive" time="0.543">
                                                 
                                               </testcase><testcase classname="dinocpu.RTypeTesterLab3" name="Pipelined CPU should run R-type instruction mulhsu-big-numbers-positive-positive" time="0.543">
                                                 
                                               </testcase><testcase classname="dinocpu.RTypeTesterLab3" name="Pipelined CPU should run R-type instruction mulhsu-big-numbers-negative-positive-1" time="0.523">
                                                 
                                               </testcase><testcase classname="dinocpu.RTypeTesterLab3" name="Pipelined CPU should run R-type instruction mulhsu-big-numbers-negative-positive-2" time="0.522">
                                                 
                                               </testcase><testcase classname="dinocpu.RTypeTesterLab3" name="Pipelined CPU should run R-type instruction mulw-zero-positive" time="0.543">
                                                 
                                               </testcase><testcase classname="dinocpu.RTypeTesterLab3" name="Pipelined CPU should run R-type instruction mulw-positive-positive" time="0.551">
                                                 
                                               </testcase><testcase classname="dinocpu.RTypeTesterLab3" name="Pipelined CPU should run R-type instruction mulw-negative-positive" time="0.529">
                                                 
                                               </testcase><testcase classname="dinocpu.RTypeTesterLab3" name="Pipelined CPU should run R-type instruction mulw-negative-negative" time="0.586">
                                                 
                                               </testcase><testcase classname="dinocpu.RTypeTesterLab3" name="Pipelined CPU should run R-type instruction mulw-big-numbers-positive-positive" time="0.513">
                                                 
                                               </testcase><testcase classname="dinocpu.RTypeTesterLab3" name="Pipelined CPU should run R-type instruction mulw-big-numbers-negative-positive" time="0.538">
                                                 
                                               </testcase><testcase classname="dinocpu.RTypeTesterLab3" name="Pipelined CPU should run R-type instruction mulw-big-numbers-negative-negative" time="0.532">
                                                 
                                               </testcase><testcase classname="dinocpu.RTypeTesterLab3" name="Pipelined CPU should run R-type instruction div-positive-positive" time="0.519">
                                                 
                                               </testcase><testcase classname="dinocpu.RTypeTesterLab3" name="Pipelined CPU should run R-type instruction div-positive-negative" time="0.54">
                                                 
                                               </testcase><testcase classname="dinocpu.RTypeTesterLab3" name="Pipelined CPU should run R-type instruction div-negative-negative" time="0.53">
                                                 
                                               </testcase><testcase classname="dinocpu.RTypeTesterLab3" name="Pipelined CPU should run R-type instruction div-division-by-zero" time="0.508">
                                                 
                                               </testcase><testcase classname="dinocpu.RTypeTesterLab3" name="Pipelined CPU should run R-type instruction div-overflow" time="0.552">
                                                 
                                               </testcase><testcase classname="dinocpu.RTypeTesterLab3" name="Pipelined CPU should run R-type instruction rem-positive-positive" time="0.526">
                                                 
                                               </testcase><testcase classname="dinocpu.RTypeTesterLab3" name="Pipelined CPU should run R-type instruction rem-positive-negative" time="0.537">
                                                 
                                               </testcase><testcase classname="dinocpu.RTypeTesterLab3" name="Pipelined CPU should run R-type instruction rem-negative-positive" time="0.507">
                                                 
                                               </testcase><testcase classname="dinocpu.RTypeTesterLab3" name="Pipelined CPU should run R-type instruction rem-negative-negative" time="0.553">
                                                 
                                               </testcase><testcase classname="dinocpu.RTypeTesterLab3" name="Pipelined CPU should run R-type instruction rem-division-by-zero" time="0.547">
                                                 
                                               </testcase><testcase classname="dinocpu.RTypeTesterLab3" name="Pipelined CPU should run R-type instruction rem-overflow" time="0.514">
                                                 
                                               </testcase><testcase classname="dinocpu.RTypeTesterLab3" name="Pipelined CPU should run R-type instruction divu-1" time="0.525">
                                                 
                                               </testcase><testcase classname="dinocpu.RTypeTesterLab3" name="Pipelined CPU should run R-type instruction divu-2" time="0.503">
                                                 
                                               </testcase><testcase classname="dinocpu.RTypeTesterLab3" name="Pipelined CPU should run R-type instruction divu-division-by-zero" time="0.513">
                                                 
                                               </testcase><testcase classname="dinocpu.RTypeTesterLab3" name="Pipelined CPU should run R-type instruction remu-1" time="0.517">
                                                 
                                               </testcase><testcase classname="dinocpu.RTypeTesterLab3" name="Pipelined CPU should run R-type instruction remu-2" time="0.522">
                                                 
                                               </testcase><testcase classname="dinocpu.RTypeTesterLab3" name="Pipelined CPU should run R-type instruction remu-division-by-zero" time="0.526">
                                                 
                                               </testcase><testcase classname="dinocpu.RTypeTesterLab3" name="Pipelined CPU should run R-type instruction divw-positive-positive" time="0.543">
                                                 
                                               </testcase><testcase classname="dinocpu.RTypeTesterLab3" name="Pipelined CPU should run R-type instruction divw-positive-negative" time="0.515">
                                                 
                                               </testcase><testcase classname="dinocpu.RTypeTesterLab3" name="Pipelined CPU should run R-type instruction divw-negative-negative" time="0.521">
                                                 
                                               </testcase><testcase classname="dinocpu.RTypeTesterLab3" name="Pipelined CPU should run R-type instruction divw-sign-extension" time="0.543">
                                                 
                                               </testcase><testcase classname="dinocpu.RTypeTesterLab3" name="Pipelined CPU should run R-type instruction divw-division-by-zero" time="0.528">
                                                 
                                               </testcase><testcase classname="dinocpu.RTypeTesterLab3" name="Pipelined CPU should run R-type instruction divw-overflow" time="0.517">
                                                 
                                               </testcase><testcase classname="dinocpu.RTypeTesterLab3" name="Pipelined CPU should run R-type instruction remw-positive-positive" time="0.523">
                                                 
                                               </testcase><testcase classname="dinocpu.RTypeTesterLab3" name="Pipelined CPU should run R-type instruction remw-positive-negative" time="0.521">
                                                 
                                               </testcase><testcase classname="dinocpu.RTypeTesterLab3" name="Pipelined CPU should run R-type instruction remw-negative-negative" time="0.512">
                                                 
                                               </testcase><testcase classname="dinocpu.RTypeTesterLab3" name="Pipelined CPU should run R-type instruction remw-sign-extension" time="0.517">
                                                 
                                               </testcase><testcase classname="dinocpu.RTypeTesterLab3" name="Pipelined CPU should run R-type instruction remw-division-by-zero" time="0.521">
                                                 
                                               </testcase><testcase classname="dinocpu.RTypeTesterLab3" name="Pipelined CPU should run R-type instruction remw-overflow" time="0.503">
                                                 
                                               </testcase><testcase classname="dinocpu.RTypeTesterLab3" name="Pipelined CPU should run R-type instruction divuw-1" time="0.537">
                                                 
                                               </testcase><testcase classname="dinocpu.RTypeTesterLab3" name="Pipelined CPU should run R-type instruction divuw-2" time="0.535">
                                                 
                                               </testcase><testcase classname="dinocpu.RTypeTesterLab3" name="Pipelined CPU should run R-type instruction divuw-division-by-zero" time="0.547">
                                                 
                                               </testcase><testcase classname="dinocpu.RTypeTesterLab3" name="Pipelined CPU should run R-type instruction remuw-1" time="0.536">
                                                 
                                               </testcase><testcase classname="dinocpu.RTypeTesterLab3" name="Pipelined CPU should run R-type instruction remuw-2" time="0.504">
                                                 
                                               </testcase><testcase classname="dinocpu.RTypeTesterLab3" name="Pipelined CPU should run R-type instruction remuw-division-by-zero" time="0.588">
                                                 
                                               </testcase>
                     <system-out><![CDATA[]]></system-out>
                     <system-err><![CDATA[]]></system-err>
                   </testsuite>