<?xml version='1.0' encoding='UTF-8'?>
<testsuite hostname="codespaces-52b86a" name="dinocpu.RTypeTesterLab3" tests="100" errors="0" failures="0" skipped="0" time="52.837" timestamp="2024-05-30T17:02:40">
                     <properties>
[...]
</properties>
                     <testcase classname="dinocpu.RTypeTesterLab3" name="Pipelined CPU should run R-type instruction add1" time="2.536">
                                                 
                                               </testcase><testcase classname="dinocpu.RTypeTesterLab3" name="Pipelined CPU should run R-type instruction add2" time="1.004">
                                                 
                                               </testcase><testcase classname="dinocpu.RTypeTesterLab3" name="Pipelined CPU should run R-type instruction add0" time="0.856">
                                                 
                                               </testcase><testcase classname="dinocpu.RTypeTesterLab3" name="Pipelined CPU should run R-type instruction addw1" time="0.829">
                                                 
                                               </testcase><testcase classname="dinocpu.RTypeTesterLab3" name="Pipelined CPU should run R-type instruction addw2" time="0.787">
                                                 
                                               </testcase><testcase classname="dinocpu.RTypeTesterLab3" name="Pipelined CPU should run R-type instruction addw3" time="0.723">
                                                 
                                               </testcase><testcase classname="dinocpu.RTypeTesterLab3" name="Pipelined CPU should run R-type instruction or" time="0.8">
                                                 
                                               </testcase><testcase classname="dinocpu.RTypeTesterLab3" name="Pipelined CPU should run R-type instruction sub" time="0.577">
                                                 
                                               </testcase><testcase classname="dinocpu.RTypeTesterLab3" name="Pipelined CPU should run R-type instruction subw1" time="0.591">
                                                 
                                               </testcase><testcase classname="dinocpu.RTypeTesterLab3" name="Pipelined CPU should run R-type instruction subw2" time="0.525">
                                                 
                                               </testcase><testcase classname="dinocpu.RTypeTesterLab3" name="Pipelined CPU should run R-type instruction subw3" time="0.534">
                                                 
                                               </testcase><testcase classname="dinocpu.RTypeTesterLab3" name="Pipelined CPU should run R-type instruction and" time="0.554">
                                                 
                                               </testcase><testcase classname="dinocpu.RTypeTesterLab3" name="Pipelined CPU should run R-type instruction xor" time="0.518">
                                                 
                                               </testcase><testcase classname="dinocpu.RTypeTesterLab3" name="Pipelined CPU should run R-type instruction slt" time="0.552">
                                                 
                                               </testcase><testcase classname="dinocpu.RTypeTesterLab3" name="Pipelined CPU should run R-type instruction slt1" time="0.532">
                                                 
                                               </testcase><testcase classname="dinocpu.RTypeTesterLab3" name="Pipelined CPU should run R-type instruction sltu" time="0.569">
                                                 
                                               </testcase><testcase classname="dinocpu.RTypeTesterLab3" name="Pipelined CPU should run R-type instruction sltu1" time="0.483">
                                                 
                                               </testcase><testcase classname="dinocpu.RTypeTesterLab3" name="Pipelined CPU should run R-type instruction sll" time="0.517">
                                                 
                                               </testcase><testcase classname="dinocpu.RTypeTesterLab3" name="Pipelined CPU should run R-type instruction sll2" time="0.534">
                                                 
                                               </testcase><testcase classname="dinocpu.RTypeTesterLab3" name="Pipelined CPU should run R-type instruction sllw1" time="0.516">
                                                 
                                               </testcase><testcase classname="dinocpu.RTypeTesterLab3" name="Pipelined CPU should run R-type instruction sllw2" time="0.508">
                                                 
                                               </testcase><testcase classname="dinocpu.RTypeTesterLab3" name="Pipelined CPU should run R-type instruction sllw3" time="0.539">
                                                 
                                               </testcase><testcase classname="dinocpu.RTypeTesterLab3" name="Pipelined CPU should run R-type instruction sllw4" time="0.53">
                                                 
                                               </testcase><testcase classname="dinocpu.RTypeTesterLab3" name="Pipelined CPU should run R-type instruction srl" time="0.5">
                                                 
                                               </testcase><testcase classname="dinocpu.RTypeTesterLab3" name="Pipelined CPU should run R-type instruction srl2" time="0.484">
                                                 
                                               </testcase><testcase classname="dinocpu.RTypeTesterLab3" name="Pipelined CPU should run R-type instruction srlw1" time="0.489">
                                                 
                                               </testcase><testcase classname="dinocpu.RTypeTesterLab3" name="Pipelined CPU should run R-type instruction srlw2" time="0.469">
                                                 
                                               </testcase><testcase classname="dinocpu.RTypeTesterLab3" name="Pipelined CPU should run R-type instruction srlw3" time="0.482">
                                                 
                                               </testcase><testcase classname="dinocpu.RTypeTesterLab3" name="Pipelined CPU should run R-type instruction srlw4" time="0.499">
                                                 
                                               </testcase><testcase classname="dinocpu.RTypeTesterLab3" name="Pipelined CPU should run R-type instruction sra" time="0.514">
                                                 
                                               </testcase><testcase classname="dinocpu.RTypeTesterLab3" name="Pipelined CPU should run R-type instruction sra2" time="0.472">
                                                 
                                               </testcase><testcase classname="dinocpu.RTypeTesterLab3" name="Pipelined CPU should run R-type instruction sraw1" time="0.505">
                                                 
                                               </testcase><testcase classname="dinocpu.RTypeTesterLab3" name="Pipelined CPU should run R-type instruction sraw2" time="0.502">
                                                 
                                               </testcase><testcase classname="dinocpu.RTypeTesterLab3" name="Pipelined CPU should run R-type instruction sraw3" time="0.481">
                                                 
                                               </testcase><testcase classname="dinocpu.RTypeTesterLab3" name="Pipelined CPU should run R-type instruction mul-zero-positive" time="0.474">
                                                 
                                               </testcase><testcase classname="dinocpu.RTypeTesterLab3" name="Pipelined CPU should run R-type instruction mul-positive-positive" time="0.483">
                                                 
                                               </testcase><testcase classname="dinocpu.RTypeTesterLab3" name="Pipelined CPU should run R-type instruction mul-negative-positive" time="0.484">
                                                 
                                               </testcase><testcase classname="dinocpu.RTypeTesterLab3" name="Pipelined CPU should run R-type instruction mul-negative-negative" time="0.485">
                                                 
                                               </testcase><testcase classname="dinocpu.RTypeTesterLab3" name="Pipelined CPU should run R-type instruction mul-big-numbers-positive-positive" time="0.496">
                                                 
                                               </testcase><testcase classname="dinocpu.RTypeTesterLab3" name="Pipelined CPU should run R-type instruction mul-big-numbers-negative-positive" time="0.497">
                                                 
                                               </testcase><testcase classname="dinocpu.RTypeTesterLab3" name="Pipelined CPU should run R-type instruction mul-big-numbers-negative-negative" time="0.499">
                                                 
                                               </testcase><testcase classname="dinocpu.RTypeTesterLab3" name="Pipelined CPU should run R-type instruction mulh-zero-positive" time="0.476">
                                                 
                                               </testcase><testcase classname="dinocpu.RTypeTesterLab3" name="Pipelined CPU should run R-type instruction mulh-positive-positive" time="0.517">
                                                 
                                               </testcase><testcase classname="dinocpu.RTypeTesterLab3" name="Pipelined CPU should run R-type instruction mulh-negative-positive" time="0.486">
                                                 
                                               </testcase><testcase classname="dinocpu.RTypeTesterLab3" name="Pipelined CPU should run R-type instruction mulh-negative-negative" time="0.463">
                                                 
                                               </testcase><testcase classname="dinocpu.RTypeTesterLab3" name="Pipelined CPU should run R-type instruction mulh-big-numbers-positive-positive" time="0.467">
                                                 
                                               </testcase><testcase classname="dinocpu.RTypeTesterLab3" name="Pipelined CPU should run R-type instruction mulh-big-numbers-negative-positive" time="0.481">
                                                 
                                               </testcase><testcase classname="dinocpu.RTypeTesterLab3" name="Pipelined CPU should run R-type instruction mulh-big-numbers-negative-negative" time="0.465">
                                                 
                                               </testcase><testcase classname="dinocpu.RTypeTesterLab3" name="Pipelined CPU should run R-type instruction mulhu-zero" time="0.459">
                                                 
                                               </testcase><testcase classname="dinocpu.RTypeTesterLab3" name="Pipelined CPU should run R-type instruction mulhu-small-numbers" time="0.458">
                                                 
                                               </testcase><testcase classname="dinocpu.RTypeTesterLab3" name="Pipelined CPU should run R-type instruction mulhu-big-numbers-1" time="0.483">
                                                 
                                               </testcase><testcase classname="dinocpu.RTypeTesterLab3" name="Pipelined CPU should run R-type instruction mulhu-big-numbers-2" time="0.503">
                                                 
                                               </testcase><testcase classname="dinocpu.RTypeTesterLab3" name="Pipelined CPU should run R-type instruction mulhsu-zero-positive" time="0.47">
                                                 
                                               </testcase><testcase classname="dinocpu.RTypeTesterLab3" name="Pipelined CPU should run R-type instruction mulhsu-positive-positive" time="0.464">
                                                 
                                               </testcase><testcase classname="dinocpu.RTypeTesterLab3" name="Pipelined CPU should run R-type instruction mulhsu-negative-positive" time="0.479">
                                                 
                                               </testcase><testcase classname="dinocpu.RTypeTesterLab3" name="Pipelined CPU should run R-type instruction mulhsu-big-numbers-positive-positive" time="0.461">
                                                 
                                               </testcase><testcase classname="dinocpu.RTypeTesterLab3" name="Pipelined CPU should run R-type instruction mulhsu-big-numbers-negative-positive-1" time="0.462">
                                                 
                                               </testcase><testcase classname="dinocpu.RTypeTesterLab3" name="Pipelined CPU should run R-type instruction mulhsu-big-numbers-negative-positive-2" time="0.488">
                                                 
                                               </testcase><testcase classname="dinocpu.RTypeTesterLab3" name="Pipelined CPU should run R-type instruction mulw-zero-positive" time="0.467">
                                                 
                                               </testcase><testcase classname="dinocpu.RTypeTesterLab3" name="Pipelined CPU should run R-type instruction mulw-positive-positive" time="0.484">
                                                 
                                               </testcase><testcase classname="dinocpu.RTypeTesterLab3" name="Pipelined CPU should run R-type instruction mulw-negative-positive" time="0.467">
                                                 
                                               </testcase><testcase classname="dinocpu.RTypeTesterLab3" name="Pipelined CPU should run R-type instruction mulw-negative-negative" time="0.471">
                                                 
                                               </testcase><testcase classname="dinocpu.RTypeTesterLab3" name="Pipelined CPU should run R-type instruction mulw-big-numbers-positive-positive" time="0.495">
                                                 
                                               </testcase><testcase classname="dinocpu.RTypeTesterLab3" name="Pipelined CPU should run R-type instruction mulw-big-numbers-negative-positive" time="0.489">
                                                 
                                               </testcase><testcase classname="dinocpu.RTypeTesterLab3" name="Pipelined CPU should run R-type instruction mulw-big-numbers-negative-negative" time="0.491">
                                                 
                                               </testcase><testcase classname="dinocpu.RTypeTesterLab3" name="Pipelined CPU should run R-type instruction div-positive-positive" time="0.467">
                                                 
                                               </testcase><testcase classname="dinocpu.RTypeTesterLab3" name="Pipelined CPU should run R-type instruction div-positive-negative" time="0.456">
                                                 
                                               </testcase><testcase classname="dinocpu.RTypeTesterLab3" name="Pipelined CPU should run R-type instruction div-negative-negative" time="0.462">
                                                 
                                               </testcase><testcase classname="dinocpu.RTypeTesterLab3" name="Pipelined CPU should run R-type instruction div-division-by-zero" time="0.459">
                                                 
                                               </testcase><testcase classname="dinocpu.RTypeTesterLab3" name="Pipelined CPU should run R-type instruction div-overflow" time="0.484">
                                                 
                                               </testcase><testcase classname="dinocpu.RTypeTesterLab3" name="Pipelined CPU should run R-type instruction rem-positive-positive" time="0.456">
                                                 
                                               </testcase><testcase classname="dinocpu.RTypeTesterLab3" name="Pipelined CPU should run R-type instruction rem-positive-negative" time="0.457">
                                                 
                                               </testcase><testcase classname="dinocpu.RTypeTesterLab3" name="Pipelined CPU should run R-type instruction rem-negative-positive" time="0.478">
                                                 
                                               </testcase><testcase classname="dinocpu.RTypeTesterLab3" name="Pipelined CPU should run R-type instruction rem-negative-negative" time="0.498">
                                                 
                                               </testcase><testcase classname="dinocpu.RTypeTesterLab3" name="Pipelined CPU should run R-type instruction rem-division-by-zero" time="0.467">
                                                 
                                               </testcase><testcase classname="dinocpu.RTypeTesterLab3" name="Pipelined CPU should run R-type instruction rem-overflow" time="0.466">
                                                 
                                               </testcase><testcase classname="dinocpu.RTypeTesterLab3" name="Pipelined CPU should run R-type instruction divu-1" time="0.47">
                                                 
                                               </testcase><testcase classname="dinocpu.RTypeTesterLab3" name="Pipelined CPU should run R-type instruction divu-2" time="0.462">
                                                 
                                               </testcase><testcase classname="dinocpu.RTypeTesterLab3" name="Pipelined CPU should run R-type instruction divu-division-by-zero" time="0.461">
                                                 
                                               </testcase><testcase classname="dinocpu.RTypeTesterLab3" name="Pipelined CPU should run R-type instruction remu-1" time="0.476">
                                                 
                                               </testcase><testcase classname="dinocpu.RTypeTesterLab3" name="Pipelined CPU should run R-type instruction remu-2" time="0.475">
                                                 
                                               </testcase><testcase classname="dinocpu.RTypeTesterLab3" name="Pipelined CPU should run R-type instruction remu-division-by-zero" time="0.454">
                                                 
                                               </testcase><testcase classname="dinocpu.RTypeTesterLab3" name="Pipelined CPU should run R-type instruction divw-positive-positive" time="0.462">
                                                 
                                               </testcase><testcase classname="dinocpu.RTypeTesterLab3" name="Pipelined CPU should run R-type instruction divw-positive-negative" time="0.454">
                                                 
                                               </testcase><testcase classname="dinocpu.RTypeTesterLab3" name="Pipelined CPU should run R-type instruction divw-negative-negative" time="0.47">
                                                 
                                               </testcase><testcase classname="dinocpu.RTypeTesterLab3" name="Pipelined CPU should run R-type instruction divw-sign-extension" time="0.537">
                                                 
                                               </testcase><testcase classname="dinocpu.RTypeTesterLab3" name="Pipelined CPU should run R-type instruction divw-division-by-zero" time="0.512">
                                                 
                                               </testcase><testcase classname="dinocpu.RTypeTesterLab3" name="Pipelined CPU should run R-type instruction divw-overflow" time="0.472">
                                                 
                                               </testcase><testcase classname="dinocpu.RTypeTesterLab3" name="Pipelined CPU should run R-type instruction remw-positive-positive" time="0.451">
                                                 
                                               </testcase><testcase classname="dinocpu.RTypeTesterLab3" name="Pipelined CPU should run R-type instruction remw-positive-negative" time="0.474">
                                                 
                                               </testcase><testcase classname="dinocpu.RTypeTesterLab3" name="Pipelined CPU should run R-type instruction remw-negative-negative" time="0.459">
                                                 
                                               </testcase><testcase classname="dinocpu.RTypeTesterLab3" name="Pipelined CPU should run R-type instruction remw-sign-extension" time="0.476">
                                                 
                                               </testcase><testcase classname="dinocpu.RTypeTesterLab3" name="Pipelined CPU should run R-type instruction remw-division-by-zero" time="0.472">
                                                 
                                               </testcase><testcase classname="dinocpu.RTypeTesterLab3" name="Pipelined CPU should run R-type instruction remw-overflow" time="0.46">
                                                 
                                               </testcase><testcase classname="dinocpu.RTypeTesterLab3" name="Pipelined CPU should run R-type instruction divuw-1" time="0.492">
                                                 
                                               </testcase><testcase classname="dinocpu.RTypeTesterLab3" name="Pipelined CPU should run R-type instruction divuw-2" time="0.478">
                                                 
                                               </testcase><testcase classname="dinocpu.RTypeTesterLab3" name="Pipelined CPU should run R-type instruction divuw-division-by-zero" time="0.466">
                                                 
                                               </testcase><testcase classname="dinocpu.RTypeTesterLab3" name="Pipelined CPU should run R-type instruction remuw-1" time="0.473">
                                                 
                                               </testcase><testcase classname="dinocpu.RTypeTesterLab3" name="Pipelined CPU should run R-type instruction remuw-2" time="0.453">
                                                 
                                               </testcase><testcase classname="dinocpu.RTypeTesterLab3" name="Pipelined CPU should run R-type instruction remuw-division-by-zero" time="0.453">
                                                 
                                               </testcase>
                     <system-out><![CDATA[]]></system-out>
                     <system-err><![CDATA[]]></system-err>
                   </testsuite>