<?xml version='1.0' encoding='UTF-8'?>
<testsuite hostname="codespaces-a23758" name="dinocpu.ITypeMultiCycleTesterLab3" tests="1" errors="0" failures="0" skipped="0" time="2.685" timestamp="2024-06-01T00:58:04">
                     <properties>
[...]
</properties>
                     <testcase classname="dinocpu.ITypeMultiCycleTesterLab3" name="Pipelined CPU should run multi cycle I-type instruction addi2" time="2.685">
                                                 
                                               </testcase>
                     <system-out><![CDATA[]]></system-out>
                     <system-err><![CDATA[]]></system-err>
                   </testsuite>