<?xml version='1.0' encoding='UTF-8'?>
<testsuite hostname="codespaces-52b86a" name="dinocpu.MemoryTesterLab3" tests="17" errors="0" failures="0" skipped="0" time="15.185" timestamp="2024-06-01T01:01:00">
                     <properties>
[...]
</properties>
                     <testcase classname="dinocpu.MemoryTesterLab3" name="Pipelined CPU should run memory-type instruction lw1" time="2.747">
                                                 
                                               </testcase><testcase classname="dinocpu.MemoryTesterLab3" name="Pipelined CPU should run memory-type instruction lb" time="1.214">
                                                 
                                               </testcase><testcase classname="dinocpu.MemoryTesterLab3" name="Pipelined CPU should run memory-type instruction lh" time="1.115">
                                                 
                                               </testcase><testcase classname="dinocpu.MemoryTesterLab3" name="Pipelined CPU should run memory-type instruction lbu" time="1.063">
                                                 
                                               </testcase><testcase classname="dinocpu.MemoryTesterLab3" name="Pipelined CPU should run memory-type instruction lhu" time="0.792">
                                                 
                                               </testcase><testcase classname="dinocpu.MemoryTesterLab3" name="Pipelined CPU should run memory-type instruction lb1" time="0.837">
                                                 
                                               </testcase><testcase classname="dinocpu.MemoryTesterLab3" name="Pipelined CPU should run memory-type instruction lh1" time="0.745">
                                                 
                                               </testcase><testcase classname="dinocpu.MemoryTesterLab3" name="Pipelined CPU should run memory-type instruction lwu" time="0.751">
                                                 
                                               </testcase><testcase classname="dinocpu.MemoryTesterLab3" name="Pipelined CPU should run memory-type instruction lwu1" time="0.745">
                                                 
                                               </testcase><testcase classname="dinocpu.MemoryTesterLab3" name="Pipelined CPU should run memory-type instruction ld1" time="0.704">
                                                 
                                               </testcase><testcase classname="dinocpu.MemoryTesterLab3" name="Pipelined CPU should run memory-type instruction ld2" time="0.687">
                                                 
                                               </testcase><testcase classname="dinocpu.MemoryTesterLab3" name="Pipelined CPU should run memory-type instruction sw" time="0.673">
                                                 
                                               </testcase><testcase classname="dinocpu.MemoryTesterLab3" name="Pipelined CPU should run memory-type instruction sw2" time="0.659">
                                                 
                                               </testcase><testcase classname="dinocpu.MemoryTesterLab3" name="Pipelined CPU should run memory-type instruction sb" time="0.599">
                                                 
                                               </testcase><testcase classname="dinocpu.MemoryTesterLab3" name="Pipelined CPU should run memory-type instruction sh" time="0.616">
                                                 
                                               </testcase><testcase classname="dinocpu.MemoryTesterLab3" name="Pipelined CPU should run memory-type instruction sd1" time="0.638">
                                                 
                                               </testcase><testcase classname="dinocpu.MemoryTesterLab3" name="Pipelined CPU should run memory-type instruction sd2" time="0.6">
                                                 
                                               </testcase>
                     <system-out><![CDATA[]]></system-out>
                     <system-err><![CDATA[]]></system-err>
                   </testsuite>