[0m[[0m[0minfo[0m] [0m[0m[32mITypeTesterLab3:[0m[0m
[0m[[0m[0minfo[0m] [0m[0m[32mPipelined CPU[0m[0m
[0m[[0m[0minfo[0m] [0m[0m[31m- should run I-type instruction addi1 *** FAILED ***[0m[0m
[0m[[0m[0minfo[0m] [0m[0m[31m  false was not true (Lab3Test.scala:33)[0m[0m
[0m[[0m[0minfo[0m] [0m[0m[31m- should run I-type instruction addiw1 *** FAILED ***[0m[0m
[0m[[0m[0minfo[0m] [0m[0m[31m  false was not true (Lab3Test.scala:33)[0m[0m
[0m[[0m[0minfo[0m] [0m[0m[31m- should run I-type instruction addiw2 *** FAILED ***[0m[0m
[0m[[0m[0minfo[0m] [0m[0m[31m  false was not true (Lab3Test.scala:33)[0m[0m
[0m[[0m[0minfo[0m] [0m[0m[31m- should run I-type instruction addiw3 *** FAILED ***[0m[0m
[0m[[0m[0minfo[0m] [0m[0m[31m  false was not true (Lab3Test.scala:33)[0m[0m
[0m[[0m[0minfo[0m] [0m[0m[31m- should run I-type instruction slli *** FAILED ***[0m[0m
[0m[[0m[0minfo[0m] [0m[0m[31m  false was not true (Lab3Test.scala:33)[0m[0m
[0m[[0m[0minfo[0m] [0m[0m[31m- should run I-type instruction slli2 *** FAILED ***[0m[0m
[0m[[0m[0minfo[0m] [0m[0m[31m  false was not true (Lab3Test.scala:33)[0m[0m
[0m[[0m[0minfo[0m] [0m[0m[31m- should run I-type instruction slliw1 *** FAILED ***[0m[0m
[0m[[0m[0minfo[0m] [0m[0m[31m  false was not true (Lab3Test.scala:33)[0m[0m
[0m[[0m[0minfo[0m] [0m[0m[31m- should run I-type instruction slliw2 *** FAILED ***[0m[0m
[0m[[0m[0minfo[0m] [0m[0m[31m  false was not true (Lab3Test.scala:33)[0m[0m
[0m[[0m[0minfo[0m] [0m[0m[31m- should run I-type instruction slliw3 *** FAILED ***[0m[0m
[0m[[0m[0minfo[0m] [0m[0m[31m  false was not true (Lab3Test.scala:33)[0m[0m
[0m[[0m[0minfo[0m] [0m[0m[31m- should run I-type instruction srai *** FAILED ***[0m[0m
[0m[[0m[0minfo[0m] [0m[0m[31m  false was not true (Lab3Test.scala:33)[0m[0m
[0m[[0m[0minfo[0m] [0m[0m[31m- should run I-type instruction srai-negative *** FAILED ***[0m[0m
[0m[[0m[0minfo[0m] [0m[0m[31m  false was not true (Lab3Test.scala:33)[0m[0m
[0m[[0m[0minfo[0m] [0m[0m[31m- should run I-type instruction sraiw1 *** FAILED ***[0m[0m
[0m[[0m[0minfo[0m] [0m[0m[31m  false was not true (Lab3Test.scala:33)[0m[0m
[0m[[0m[0minfo[0m] [0m[0m[31m- should run I-type instruction sraiw2 *** FAILED ***[0m[0m
[0m[[0m[0minfo[0m] [0m[0m[31m  false was not true (Lab3Test.scala:33)[0m[0m
[0m[[0m[0minfo[0m] [0m[0m[31m- should run I-type instruction srli *** FAILED ***[0m[0m
[0m[[0m[0minfo[0m] [0m[0m[31m  false was not true (Lab3Test.scala:33)[0m[0m
[0m[[0m[0minfo[0m] [0m[0m[31m- should run I-type instruction srli2 *** FAILED ***[0m[0m
[0m[[0m[0minfo[0m] [0m[0m[31m  false was not true (Lab3Test.scala:33)[0m[0m
[0m[[0m[0minfo[0m] [0m[0m[31m- should run I-type instruction srliw1 *** FAILED ***[0m[0m
[0m[[0m[0minfo[0m] [0m[0m[31m  false was not true (Lab3Test.scala:33)[0m[0m
[0m[[0m[0minfo[0m] [0m[0m[31m- should run I-type instruction srliw2 *** FAILED ***[0m[0m
[0m[[0m[0minfo[0m] [0m[0m[31m  false was not true (Lab3Test.scala:33)[0m[0m
[0m[[0m[0minfo[0m] [0m[0m[32m- should run I-type instruction srliw3[0m[0m
[0m[[0m[0minfo[0m] [0m[0m[31m- should run I-type instruction andi *** FAILED ***[0m[0m
[0m[[0m[0minfo[0m] [0m[0m[31m  false was not true (Lab3Test.scala:33)[0m[0m
[0m[[0m[0minfo[0m] [0m[0m[31m- should run I-type instruction ori *** FAILED ***[0m[0m
[0m[[0m[0minfo[0m] [0m[0m[31m  false was not true (Lab3Test.scala:33)[0m[0m
[0m[[0m[0minfo[0m] [0m[0m[31m- should run I-type instruction xori *** FAILED ***[0m[0m
[0m[[0m[0minfo[0m] [0m[0m[31m  false was not true (Lab3Test.scala:33)[0m[0m
[0m[[0m[0minfo[0m] [0m[0m[32m- should run I-type instruction slti[0m[0m
[0m[[0m[0minfo[0m] [0m[0m[32m- should run I-type instruction sltiu[0m[0m
[0m[[0m[0minfo[0m] [0m[0m[31m- should run I-type instruction addi-funct7 *** FAILED ***[0m[0m
[0m[[0m[0minfo[0m] [0m[0m[31m  false was not true (Lab3Test.scala:33)[0m[0m
